<?xml version="1.0" encoding="UTF-8"?>
<testsuite hostname="CBELAP-054" name="BWV_Package.Get_token" tests="12" failures="0" timestamp="23 May 2019 06:50:23 GMT" time="11.693" errors="0">
  <testcase name="Properties_config" time="0.161" classname="BWV_Package.Get_token"/>
  <testcase name="Properties_config" time="0.035" classname="BWV_Package.Send_Email"/>
  <testcase name="Properties_config" time="0.008" classname="BWV_Package.Report_generate"/>
  <testcase name="Generate_Token" time="6.168" classname="BWV_Package.Report_generate"/>
  <testcase name="Get_values" time="1.312" classname="BWV_Package.Report_generate"/>
  <testcase name="Write_Totrecords" time="0.872" classname="BWV_Package.Report_generate"/>
  <testcase name="Write_Tot_Cont_off_wise" time="0.016" classname="BWV_Package.Report_generate"/>
  <testcase name="Write_Totalcount" time="0.009" classname="BWV_Package.Report_generate"/>
  <testcase name="Write_Totalaction" time="0.005" classname="BWV_Package.Report_generate"/>
  <testcase name="Write_allfiles" time="0.222" classname="BWV_Package.Report_generate"/>
  <testcase name="get_results" time="0.001" classname="BWV_Package.Send_Email"/>
  <testcase name="mail_configuration" time="2.459" classname="BWV_Package.Send_Email"/>
</testsuite>
