<?xml version="1.0" encoding="UTF-8"?>
<testsuite hostname="CBELAP-054" name="BWV_Package.Get_token" tests="12" failures="0" timestamp="22 May 2019 07:29:19 GMT" time="2.891" errors="0">
  <testcase name="Properties_config" time="0.139" classname="BWV_Package.Get_token"/>
  <testcase name="Properties_config" time="0.006" classname="BWV_Package.Send_Email"/>
  <testcase name="Properties_config" time="0.008" classname="BWV_Package.Report_generate"/>
  <testcase name="Generate_Token" time="0.043" classname="BWV_Package.Report_generate"/>
  <testcase name="Get_values" time="0.142" classname="BWV_Package.Report_generate"/>
  <testcase name="Write_Totrecords" time="0.271" classname="BWV_Package.Report_generate"/>
  <testcase name="Write_Tot_Cont_off_wise" time="0.011" classname="BWV_Package.Report_generate"/>
  <testcase name="Write_Totalcount" time="0.007" classname="BWV_Package.Report_generate"/>
  <testcase name="Write_Totalaction" time="0.005" classname="BWV_Package.Report_generate"/>
  <testcase name="Write_allfiles" time="0.117" classname="BWV_Package.Report_generate"/>
  <testcase name="get_results" time="0.001" classname="BWV_Package.Send_Email"/>
  <testcase name="mail_configuration" time="1.839" classname="BWV_Package.Send_Email"/>
</testsuite>
