<?xml version="1.0" encoding="UTF-8"?>
<!-- Generated by org.testng.reporters.JUnitXMLReporter -->
<testsuite hostname="CBEDSK-07" name="GEO4S" tests="24" failures="0" timestamp="8 May 2019 07:19:02 GMT" time="210.972" errors="0">
  <testcase name="NPD_Login" time="16.138" classname="Browser.Login"/>
  <testcase name="selectAssettypemenu" time="1.344" classname="NPD_Master_Menus.Master_Asset_Type"/>
  <testcase name="Addnewassettype" time="1.952" classname="NPD_Master_Menus.Master_Asset_Type"/>
  <testcase name="Editassettype" time="2.5" classname="NPD_Master_Menus.Master_Asset_Type"/>
  <testcase name="DeleteAssettype" time="2.234" classname="NPD_Master_Menus.Master_Asset_Type"/>
  <testcase name="OpenAssetmenu" time="10.794" classname="NPD_Master_Menus.Master_Asset"/>
  <testcase name="Asset_Insert" time="9.8" classname="NPD_Master_Menus.Master_Asset"/>
  <testcase name="Asset_Edit" time="11.375" classname="NPD_Master_Menus.Master_Asset"/>
  <testcase name="Asset_delete" time="12.154" classname="NPD_Master_Menus.Master_Asset"/>
  <testcase name="Open_ser_item_menu" time="5.561" classname="NPD_Master_Menus.Master_Ser_item_category"/>
  <testcase name="Add_new_ser_item_category" time="2.422" classname="NPD_Master_Menus.Master_Ser_item_category"/>
  <testcase name="Edit_new_ser_item_category" time="4.436" classname="NPD_Master_Menus.Master_Ser_item_category"/>
  <testcase name="Delete_new_ser_item_category" time="8.826" classname="NPD_Master_Menus.Master_Ser_item_category"/>
  <testcase name="Open_ser_item_menu" time="2.64" classname="NPD_Master_Menus.Master_Service_Item"/>
  <testcase name="Add_new_ser_item" time="5.718" classname="NPD_Master_Menus.Master_Service_Item"/>
  <testcase name="Edit_new_ser_item" time="8.467" classname="NPD_Master_Menus.Master_Service_Item"/>
  <testcase name="Delete_new_ser_item" time="1.859" classname="NPD_Master_Menus.Master_Service_Item"/>
  <testcase name="selectJoblist_menu" time="5.601" classname="Job_Menus.job_list_Add"/>
  <testcase name="Edit_job_list" time="72.917" classname="Job_Menus.Job_list_Edit"/>
  <testcase name="customer_menu" time="5.499" classname="Customer_menus.Customer"/>
  <testcase name="addnewcustomer" time="10.123" classname="Customer_menus.Customer"/>
  <testcase name="Editnewcustomer" time="4.78" classname="Customer_menus.Customer"/>
  <testcase name="Deletenewcustomer" time="1.875" classname="Customer_menus.Customer"/>
  <testcase name="logout" time="1.734" classname="Browser.Logout"/>
</testsuite> <!-- GEO4S -->
