<?xml version="1.0" encoding="UTF-8"?>
<!-- Generated by org.testng.reporters.JUnitXMLReporter -->
<testsuite hostname="CBELAP-024" ignored="2" name="Default test" tests="2" failures="0" timestamp="05 Dec 2018 11:25:01 GMT" time="11.439" errors="0">
  <testcase name="OpenAssetmenu" time="2.583" classname="NPD_Master_Menus.Master_Asset"/>
  <testcase name="NPD_Login" time="8.825" classname="Browser.Login"/>
  <testcase name="@BeforeSuite check_browser" time="0.0" classname="Browser.Browser_open">
    <ignored/>
  </testcase> <!-- @BeforeSuite check_browser -->
  <testcase name="@BeforeSuite check_browser" time="0.0" classname="Browser.Browser_open">
    <ignored/>
  </testcase> <!-- @BeforeSuite check_browser -->
</testsuite> <!-- Default test -->
